TN:
SF:./src/client/app/admin/admin.module.js
FN:1,(anonymous_1)
FNF:1
FNH:1
FNDA:1,(anonymous_1)
DA:1,1
DA:4,1
LF:2
LH:2
BRF:0
BRH:0
end_of_record
TN:
SF:./src/client/app/app.module.js
FN:1,(anonymous_1)
FNF:1
FNH:1
FNDA:1,(anonymous_1)
DA:1,1
DA:4,1
LF:2
LH:2
BRF:0
BRH:0
end_of_record
TN:
SF:./src/client/app/auth/auth.module.js
FN:1,(anonymous_1)
FNF:1
FNH:1
FNDA:1,(anonymous_1)
DA:1,1
DA:4,1
LF:2
LH:2
BRF:0
BRH:0
end_of_record
TN:
SF:./src/client/app/blocks/exception/exception.module.js
FN:1,(anonymous_1)
FNF:1
FNH:1
FNDA:1,(anonymous_1)
DA:1,1
DA:4,1
LF:2
LH:2
BRF:0
BRH:0
end_of_record
TN:
SF:./src/client/app/blocks/logger/logger.module.js
FN:1,(anonymous_1)
FNF:1
FNH:1
FNDA:1,(anonymous_1)
DA:1,1
DA:4,1
LF:2
LH:2
BRF:0
BRH:0
end_of_record
TN:
SF:./src/client/app/blocks/router/router.module.js
FN:1,(anonymous_1)
FNF:1
FNH:1
FNDA:1,(anonymous_1)
DA:1,1
DA:4,1
LF:2
LH:2
BRF:0
BRH:0
end_of_record
TN:
SF:./src/client/app/core/core.module.js
FN:1,(anonymous_1)
FNF:1
FNH:1
FNDA:1,(anonymous_1)
DA:1,1
DA:4,1
LF:2
LH:2
BRF:0
BRH:0
end_of_record
TN:
SF:./src/client/app/main/main.module.js
FN:1,(anonymous_1)
FNF:1
FNH:1
FNDA:1,(anonymous_1)
DA:1,1
DA:4,1
LF:2
LH:2
BRF:0
BRH:0
end_of_record
TN:
SF:./src/client/app/needs/needs.module.js
FN:1,(anonymous_1)
FNF:1
FNH:1
FNDA:1,(anonymous_1)
DA:1,1
DA:4,1
LF:2
LH:2
BRF:0
BRH:0
end_of_record
TN:
SF:./src/client/app/offers/offers.module.js
FN:1,(anonymous_1)
FNF:1
FNH:1
FNDA:1,(anonymous_1)
DA:1,1
DA:4,1
LF:2
LH:2
BRF:0
BRH:0
end_of_record
TN:
SF:./src/client/app/admin/admin.controller.js
FN:1,(anonymous_1)
FN:10,AdminController
FN:16,activate
FNF:3
FNH:3
FNDA:1,(anonymous_1)
FNDA:3,AdminController
FNDA:3,activate
DA:1,1
DA:4,1
DA:8,1
DA:10,1
DA:11,3
DA:12,3
DA:14,3
DA:16,1
DA:17,3
LF:9
LH:9
BRF:0
BRH:0
end_of_record
TN:
SF:./src/client/app/admin/admin.route.js
FN:1,(anonymous_1)
FN:10,appRun
FN:14,getStates
FNF:3
FNH:3
FNDA:1,(anonymous_1)
FNDA:6,appRun
FNDA:6,getStates
DA:1,1
DA:4,1
DA:8,1
DA:10,1
DA:11,6
DA:14,1
DA:15,6
LF:7
LH:7
BRF:0
BRH:0
end_of_record
TN:
SF:./src/client/app/app.config.js
FN:1,(anonymous_1)
FN:10,appRun
FN:15,getStates
FNF:3
FNH:1
FNDA:1,(anonymous_1)
FNDA:0,appRun
FNDA:0,getStates
DA:1,1
DA:4,1
DA:8,1
DA:10,1
DA:12,0
DA:15,1
DA:16,0
LF:7
LH:5
BRF:0
BRH:0
end_of_record
TN:
SF:./src/client/app/auth/api.service.js
FN:1,(anonymous_1)
FN:10,AuthApi
FN:16,buildPostRequest
FN:17,(anonymous_4)
FNF:4
FNH:1
FNDA:1,(anonymous_1)
FNDA:0,AuthApi
FNDA:0,buildPostRequest
FNDA:0,(anonymous_4)
DA:1,1
DA:4,1
DA:8,1
DA:10,1
DA:11,0
DA:16,1
DA:17,0
DA:18,0
DA:19,0
DA:20,0
DA:22,0
DA:23,0
DA:28,0
LF:13
LH:5
BRDA:19,1,0,0
BRDA:19,1,1,0
BRDA:22,2,0,0
BRDA:22,2,1,0
BRF:4
BRH:0
end_of_record
TN:
SF:./src/client/app/auth/config.js
FN:1,(anonymous_1)
FN:10,appRun
FN:14,getStates
FNF:3
FNH:1
FNDA:1,(anonymous_1)
FNDA:0,appRun
FNDA:0,getStates
DA:1,1
DA:4,1
DA:8,1
DA:10,1
DA:11,0
DA:14,1
DA:15,0
LF:7
LH:5
BRF:0
BRH:0
end_of_record
TN:
SF:./src/client/app/auth/login.controller.js
FN:1,(anonymous_1)
FN:10,LoginController
FNF:2
FNH:1
FNDA:1,(anonymous_1)
FNDA:0,LoginController
DA:1,1
DA:4,1
DA:8,1
DA:10,1
LF:4
LH:4
BRF:0
BRH:0
end_of_record
TN:
SF:./src/client/app/auth/register.js
FN:1,(anonymous_1)
FN:10,RegisterController
FN:17,activate
FNF:3
FNH:1
FNDA:1,(anonymous_1)
FNDA:0,RegisterController
FNDA:0,activate
DA:1,1
DA:4,1
DA:8,1
DA:10,1
DA:12,0
DA:13,0
DA:15,0
DA:17,1
LF:8
LH:5
BRF:0
BRH:0
end_of_record
TN:
SF:./src/client/app/blocks/exception/exception-handler.provider.js
FN:3,(anonymous_1)
FN:14,exceptionHandlerProvider
FN:20,(anonymous_3)
FN:24,(anonymous_4)
FN:37,config
FN:50,extendExceptionHandler
FN:51,(anonymous_7)
FNF:7
FNH:7
FNDA:1,(anonymous_1)
FNDA:17,exceptionHandlerProvider
FNDA:14,(anonymous_3)
FNDA:19,(anonymous_4)
FNDA:17,config
FNDA:17,extendExceptionHandler
FNDA:1,(anonymous_7)
DA:3,1
DA:6,1
DA:14,1
DA:16,17
DA:20,17
DA:21,14
DA:24,17
DA:25,19
DA:29,1
DA:37,1
DA:38,17
DA:41,1
DA:50,1
DA:51,17
DA:52,1
DA:53,1
DA:54,1
DA:55,1
DA:65,0
LF:19
LH:18
BRDA:52,1,0,1
BRDA:52,1,1,0
BRF:2
BRH:1
end_of_record
TN:
SF:./src/client/app/blocks/exception/exception.js
FN:1,(anonymous_1)
FN:9,exception
FN:15,catcher
FN:16,(anonymous_4)
FNF:4
FNH:1
FNDA:1,(anonymous_1)
FNDA:0,exception
FNDA:0,catcher
FNDA:0,(anonymous_4)
DA:1,1
DA:4,1
DA:9,1
DA:10,0
DA:13,0
DA:15,1
DA:16,0
DA:17,0
DA:18,0
DA:19,0
DA:20,0
DA:21,0
DA:23,0
DA:24,0
DA:25,0
LF:15
LH:4
BRDA:19,1,0,0
BRDA:19,1,1,0
BRDA:19,2,0,0
BRDA:19,2,1,0
BRF:4
BRH:0
end_of_record
TN:
SF:./src/client/app/blocks/logger/logger.js
FN:1,(anonymous_1)
FN:11,logger
FN:27,error
FN:32,info
FN:37,success
FN:42,warning
FNF:6
FNH:3
FNDA:1,(anonymous_1)
FNDA:17,logger
FNDA:0,error
FNDA:3,info
FNDA:0,success
FNDA:0,warning
DA:1,1
DA:4,1
DA:8,1
DA:11,1
DA:12,17
DA:24,17
DA:27,1
DA:28,0
DA:29,0
DA:32,1
DA:33,3
DA:34,3
DA:37,1
DA:38,0
DA:39,0
DA:42,1
DA:43,0
DA:44,0
LF:18
LH:12
BRF:0
BRH:0
end_of_record
TN:
SF:./src/client/app/blocks/router/router-helper.provider.js
FN:2,(anonymous_1)
FN:11,routerHelperProvider
FN:20,(anonymous_3)
FN:27,RouterHelper
FN:47,configureStates
FN:48,(anonymous_6)
FN:59,handleRoutingErrors
FN:64,(anonymous_8)
FN:82,init
FN:87,getStates
FN:89,updateDocTitle
FN:91,(anonymous_12)
FNF:12
FNH:10
FNDA:1,(anonymous_1)
FNDA:9,routerHelperProvider
FNDA:9,(anonymous_3)
FNDA:9,RouterHelper
FNDA:15,configureStates
FNDA:15,(anonymous_6)
FNDA:9,handleRoutingErrors
FNDA:0,(anonymous_8)
FNDA:9,init
FNDA:0,getStates
FNDA:9,updateDocTitle
FNDA:3,(anonymous_12)
DA:2,1
DA:5,1
DA:9,1
DA:11,1
DA:13,9
DA:18,9
DA:20,9
DA:21,9
DA:24,9
DA:25,9
DA:27,1
DA:28,9
DA:29,9
DA:30,9
DA:35,9
DA:41,9
DA:43,9
DA:47,1
DA:48,15
DA:49,15
DA:51,15
DA:53,15
DA:54,9
DA:55,9
DA:59,1
DA:63,9
DA:65,0
DA:66,0
DA:68,0
DA:69,0
DA:70,0
DA:73,0
DA:76,0
DA:77,0
DA:82,1
DA:83,9
DA:84,9
DA:87,1
DA:89,1
DA:90,9
DA:92,3
DA:93,3
DA:94,3
DA:95,3
LF:44
LH:36
BRDA:50,1,0,15
BRDA:50,1,1,15
BRDA:53,2,0,9
BRDA:53,2,1,6
BRDA:53,3,0,15
BRDA:53,3,1,9
BRDA:65,4,0,0
BRDA:65,4,1,0
BRDA:70,5,0,0
BRDA:70,5,1,0
BRDA:70,5,2,0
BRDA:70,5,3,0
BRDA:70,5,4,0
BRDA:74,6,0,0
BRDA:74,6,1,0
BRDA:74,7,0,0
BRDA:74,7,1,0
BRDA:75,8,0,0
BRDA:75,8,1,0
BRDA:94,9,0,3
BRDA:94,9,1,0
BRF:21
BRH:7
end_of_record
TN:
SF:./src/client/app/core/config.js
FN:1,(anonymous_1)
FN:10,toastrConfig
FN:26,configure
FNF:3
FNH:3
FNDA:1,(anonymous_1)
FNDA:9,toastrConfig
FNDA:9,configure
DA:1,1
DA:4,1
DA:6,1
DA:8,1
DA:10,1
DA:11,9
DA:12,9
DA:15,1
DA:20,1
DA:22,1
DA:24,1
DA:26,1
DA:27,9
DA:28,9
DA:30,9
DA:31,9
LF:16
LH:16
BRDA:27,1,0,9
BRDA:27,1,1,0
BRF:2
BRH:1
end_of_record
TN:
SF:./src/client/app/core/constants.js
FN:2,(anonymous_1)
FNF:1
FNH:1
FNDA:1,(anonymous_1)
DA:2,1
DA:5,1
LF:2
LH:2
BRF:0
BRH:0
end_of_record
TN:
SF:./src/client/app/core/core.route.js
FN:1,(anonymous_1)
FN:9,appRun
FN:14,getStates
FNF:3
FNH:3
FNDA:1,(anonymous_1)
FNDA:9,appRun
FNDA:9,getStates
DA:1,1
DA:4,1
DA:9,1
DA:10,9
DA:11,9
DA:14,1
DA:15,9
LF:7
LH:7
BRF:0
BRH:0
end_of_record
TN:
SF:./src/client/app/core/dataservice.js
FN:1,(anonymous_1)
FN:10,dataservice
FN:18,getMessageCount
FN:20,getPeople
FN:25,success
FN:29,fail
FNF:6
FNH:1
FNDA:1,(anonymous_1)
FNDA:0,dataservice
FNDA:0,getMessageCount
FNDA:0,getPeople
FNDA:0,success
FNDA:0,fail
DA:1,1
DA:4,1
DA:8,1
DA:10,1
DA:11,0
DA:16,0
DA:18,1
DA:20,1
DA:21,0
DA:25,1
DA:26,0
DA:29,1
DA:30,0
LF:13
LH:8
BRF:0
BRH:0
end_of_record
TN:
SF:./src/client/app/core/datepicker/datepicker-directive.js
FN:5,datepickerDirective
FNF:1
FNH:0
FNDA:0,datepickerDirective
DA:1,1
DA:5,1
DA:6,0
LF:3
LH:2
BRF:0
BRH:0
end_of_record
TN:
SF:./src/client/app/core/datepicker/datepicker.js
FN:1,(anonymous_1)
FN:8,DatePickerController
FN:11,(anonymous_3)
FN:16,(anonymous_4)
FN:21,(anonymous_5)
FN:25,(anonymous_6)
FN:30,(anonymous_7)
FN:62,(anonymous_8)
FNF:8
FNH:1
FNDA:1,(anonymous_1)
FNDA:0,DatePickerController
FNDA:0,(anonymous_3)
FNDA:0,(anonymous_4)
FNDA:0,(anonymous_5)
FNDA:0,(anonymous_6)
FNDA:0,(anonymous_7)
FNDA:0,(anonymous_8)
DA:1,1
DA:4,1
DA:8,1
DA:9,0
DA:11,0
DA:12,0
DA:14,0
DA:16,0
DA:17,0
DA:21,0
DA:22,0
DA:25,0
DA:26,0
DA:28,0
DA:30,0
DA:31,0
DA:34,0
DA:39,0
DA:40,0
DA:42,0
DA:46,0
DA:47,0
DA:48,0
DA:49,0
DA:50,0
DA:62,0
DA:63,0
DA:64,0
DA:66,0
DA:67,0
DA:69,0
DA:70,0
DA:75,0
LF:33
LH:3
BRDA:22,1,0,0
BRDA:22,1,1,0
BRDA:22,1,2,0
BRDA:26,2,0,0
BRDA:26,2,1,0
BRDA:63,3,0,0
BRDA:63,3,1,0
BRDA:69,4,0,0
BRDA:69,4,1,0
BRF:9
BRH:0
end_of_record
TN:
SF:./src/client/app/core/file-upload/file-upload-directive.js
FN:5,fileUploadDirective
FNF:1
FNH:0
FNDA:0,fileUploadDirective
DA:1,1
DA:5,1
DA:6,0
LF:3
LH:2
BRF:0
BRH:0
end_of_record
TN:
SF:./src/client/app/core/file-upload/file-upload.js
FN:1,(anonymous_1)
FN:8,FileUploadController
FN:11,(anonymous_3)
FNF:3
FNH:1
FNDA:1,(anonymous_1)
FNDA:0,FileUploadController
FNDA:0,(anonymous_3)
DA:1,1
DA:4,1
DA:8,1
DA:9,0
DA:10,0
DA:11,0
DA:12,0
DA:13,0
DA:14,0
LF:9
LH:3
BRF:0
BRH:0
end_of_record
TN:
SF:./src/client/app/directives.js
FN:1,(anonymous_1)
FN:5,(anonymous_2)
FN:8,(anonymous_3)
FN:9,(anonymous_4)
FNF:4
FNH:1
FNDA:1,(anonymous_1)
FNDA:0,(anonymous_2)
FNDA:0,(anonymous_3)
FNDA:0,(anonymous_4)
DA:1,1
DA:4,1
DA:6,0
DA:9,0
DA:10,0
DA:12,0
LF:6
LH:2
BRDA:10,1,0,0
BRDA:10,1,1,0
BRF:2
BRH:0
end_of_record
TN:
SF:./src/client/app/main/about_us.js
FN:1,(anonymous_1)
FN:10,AboutUSController
FN:17,activate
FNF:3
FNH:1
FNDA:1,(anonymous_1)
FNDA:0,AboutUSController
FNDA:0,activate
DA:1,1
DA:4,1
DA:8,1
DA:10,1
DA:12,0
DA:13,0
DA:15,0
DA:17,1
LF:8
LH:5
BRF:0
BRH:0
end_of_record
TN:
SF:./src/client/app/main/config.js
FN:1,(anonymous_1)
FN:10,appRun
FN:14,getStates
FNF:3
FNH:1
FNDA:1,(anonymous_1)
FNDA:0,appRun
FNDA:0,getStates
DA:1,1
DA:4,1
DA:8,1
DA:10,1
DA:11,0
DA:14,1
DA:15,0
LF:7
LH:5
BRF:0
BRH:0
end_of_record
TN:
SF:./src/client/app/main/directives/user_entities_directive.js
FN:1,(anonymous_1)
FN:5,(anonymous_2)
FN:13,(anonymous_3)
FN:20,(anonymous_4)
FNF:4
FNH:1
FNDA:1,(anonymous_1)
FNDA:0,(anonymous_2)
FNDA:0,(anonymous_3)
FNDA:0,(anonymous_4)
DA:1,1
DA:4,1
DA:6,0
DA:14,0
DA:15,0
DA:18,0
DA:20,0
DA:21,0
DA:22,0
DA:24,0
LF:10
LH:2
BRDA:14,1,0,0
BRDA:14,1,1,0
BRDA:21,2,0,0
BRDA:21,2,1,0
BRF:4
BRH:0
end_of_record
TN:
SF:./src/client/app/main/index.js
FN:1,(anonymous_1)
FN:10,IndexController
FN:17,activate
FNF:3
FNH:1
FNDA:1,(anonymous_1)
FNDA:0,IndexController
FNDA:0,activate
DA:1,1
DA:4,1
DA:8,1
DA:10,1
DA:12,0
DA:13,0
DA:15,0
DA:17,1
LF:8
LH:5
BRF:0
BRH:0
end_of_record
TN:
SF:./src/client/app/main/profile.js
FN:1,(anonymous_1)
FN:10,ProfileController
FN:17,activate
FN:18,(anonymous_4)
FN:20,(anonymous_5)
FNF:5
FNH:1
FNDA:1,(anonymous_1)
FNDA:0,ProfileController
FNDA:0,activate
FNDA:0,(anonymous_4)
FNDA:0,(anonymous_5)
DA:1,1
DA:4,1
DA:8,1
DA:10,1
DA:12,0
DA:13,0
DA:15,0
DA:17,1
DA:18,0
DA:19,0
DA:21,0
LF:11
LH:5
BRF:0
BRH:0
end_of_record
TN:
SF:./src/client/app/main/services/user_service.js
FN:1,(anonymous_1)
FN:10,Users
FN:12,(anonymous_3)
FN:15,(anonymous_4)
FNF:4
FNH:1
FNDA:1,(anonymous_1)
FNDA:0,Users
FNDA:0,(anonymous_3)
FNDA:0,(anonymous_4)
DA:1,1
DA:4,1
DA:8,1
DA:10,1
DA:11,0
DA:15,0
DA:16,0
LF:7
LH:4
BRF:0
BRH:0
end_of_record
TN:
SF:./src/client/app/needs/config.js
FN:1,(anonymous_1)
FN:10,appRun
FN:14,getStates
FNF:3
FNH:1
FNDA:1,(anonymous_1)
FNDA:0,appRun
FNDA:0,getStates
DA:1,1
DA:4,1
DA:8,1
DA:10,1
DA:11,0
DA:14,1
DA:15,0
LF:7
LH:5
BRF:0
BRH:0
end_of_record
TN:
SF:./src/client/app/needs/created_need.js
FN:1,(anonymous_1)
FN:10,CreatedNeedController
FN:17,activate
FNF:3
FNH:1
FNDA:1,(anonymous_1)
FNDA:0,CreatedNeedController
FNDA:0,activate
DA:1,1
DA:4,1
DA:8,1
DA:10,1
DA:12,0
DA:13,0
DA:15,0
DA:17,1
LF:8
LH:5
BRF:0
BRH:0
end_of_record
TN:
SF:./src/client/app/needs/created_project.js
FN:1,(anonymous_1)
FN:10,CreatedProjectController
FN:17,activate
FNF:3
FNH:1
FNDA:1,(anonymous_1)
FNDA:0,CreatedProjectController
FNDA:0,activate
DA:1,1
DA:4,1
DA:8,1
DA:10,1
DA:12,0
DA:13,0
DA:15,0
DA:17,1
LF:8
LH:5
BRF:0
BRH:0
end_of_record
TN:
SF:./src/client/app/needs/directives/need-modal-directive.js
FN:5,needModal
FNF:1
FNH:0
FNDA:0,needModal
DA:1,1
DA:5,1
DA:6,0
LF:3
LH:2
BRF:0
BRH:0
end_of_record
TN:
SF:./src/client/app/needs/modals/needs-modal.js
FN:1,(anonymous_1)
FN:10,ModalInstanceController
FN:13,(anonymous_3)
FN:18,(anonymous_4)
FNF:4
FNH:1
FNDA:1,(anonymous_1)
FNDA:0,ModalInstanceController
FNDA:0,(anonymous_3)
FNDA:0,(anonymous_4)
DA:1,1
DA:4,1
DA:8,1
DA:10,1
DA:13,0
DA:14,0
DA:15,0
DA:18,0
DA:19,0
LF:9
LH:4
BRF:0
BRH:0
end_of_record
TN:
SF:./src/client/app/needs/needs.js
FN:1,(anonymous_1)
FN:10,NeedsController
FN:17,activate
FNF:3
FNH:1
FNDA:1,(anonymous_1)
FNDA:0,NeedsController
FNDA:0,activate
DA:1,1
DA:4,1
DA:8,1
DA:10,1
DA:12,0
DA:13,0
DA:15,0
DA:17,1
LF:8
LH:5
BRF:0
BRH:0
end_of_record
TN:
SF:./src/client/app/needs/new_need_register.js
FN:1,(anonymous_1)
FN:10,NewNeedRegisterController
FN:22,(anonymous_3)
FN:42,(anonymous_4)
FN:49,activate
FNF:5
FNH:1
FNDA:1,(anonymous_1)
FNDA:0,NewNeedRegisterController
FNDA:0,(anonymous_3)
FNDA:0,(anonymous_4)
FNDA:0,activate
DA:1,1
DA:4,1
DA:8,1
DA:10,1
DA:12,0
DA:13,0
DA:14,0
DA:15,0
DA:16,0
DA:19,0
DA:20,0
DA:22,0
DA:23,0
DA:24,0
DA:25,0
DA:42,0
DA:44,0
DA:45,0
DA:46,0
DA:49,1
DA:50,0
LF:21
LH:5
BRF:0
BRH:0
end_of_record
TN:
SF:./src/client/app/needs/new_need_step_1.js
FN:1,(anonymous_1)
FN:10,NewNeedBeforeRegisterController
FN:22,(anonymous_3)
FN:29,(anonymous_4)
FN:35,(anonymous_5)
FN:40,(anonymous_6)
FN:44,(anonymous_7)
FN:49,(anonymous_8)
FN:52,(anonymous_9)
FN:63,(anonymous_10)
FN:67,(anonymous_11)
FN:72,activate
FNF:12
FNH:1
FNDA:1,(anonymous_1)
FNDA:0,NewNeedBeforeRegisterController
FNDA:0,(anonymous_3)
FNDA:0,(anonymous_4)
FNDA:0,(anonymous_5)
FNDA:0,(anonymous_6)
FNDA:0,(anonymous_7)
FNDA:0,(anonymous_8)
FNDA:0,(anonymous_9)
FNDA:0,(anonymous_10)
FNDA:0,(anonymous_11)
FNDA:0,activate
DA:1,1
DA:4,1
DA:8,1
DA:10,1
DA:12,0
DA:13,0
DA:14,0
DA:16,0
DA:19,0
DA:22,0
DA:23,0
DA:30,0
DA:35,0
DA:36,0
DA:37,0
DA:40,0
DA:41,0
DA:44,0
DA:45,0
DA:46,0
DA:49,0
DA:50,0
DA:51,0
DA:52,0
DA:53,0
DA:54,0
DA:57,0
DA:58,0
DA:60,0
DA:63,0
DA:64,0
DA:67,0
DA:69,0
DA:72,1
DA:73,0
LF:35
LH:5
BRDA:53,1,0,0
BRDA:53,1,1,0
BRDA:57,2,0,0
BRDA:57,2,1,0
BRF:4
BRH:0
end_of_record
TN:
SF:./src/client/app/needs/new_project.js
FN:1,(anonymous_1)
FN:10,NewProjectController
FN:17,activate
FNF:3
FNH:1
FNDA:1,(anonymous_1)
FNDA:0,NewProjectController
FNDA:0,activate
DA:1,1
DA:4,1
DA:8,1
DA:10,1
DA:12,0
DA:13,0
DA:15,0
DA:17,1
LF:8
LH:5
BRF:0
BRH:0
end_of_record
TN:
SF:./src/client/app/needs/services/create_need_service.js
FN:1,(anonymous_1)
FN:10,CreateNeedFactory
FN:12,(anonymous_3)
FN:67,(anonymous_4)
FN:85,(anonymous_5)
FNF:5
FNH:1
FNDA:1,(anonymous_1)
FNDA:0,CreateNeedFactory
FNDA:0,(anonymous_3)
FNDA:0,(anonymous_4)
FNDA:0,(anonymous_5)
DA:1,1
DA:4,1
DA:8,1
DA:10,1
DA:11,0
DA:18,0
DA:65,0
DA:73,0
DA:83,0
DA:91,0
DA:113,0
LF:11
LH:4
BRF:0
BRH:0
end_of_record
TN:
SF:./src/client/app/offers/config.js
FN:1,(anonymous_1)
FN:10,appRun
FN:14,getStates
FNF:3
FNH:1
FNDA:1,(anonymous_1)
FNDA:0,appRun
FNDA:0,getStates
DA:1,1
DA:4,1
DA:8,1
DA:10,1
DA:11,0
DA:14,1
DA:15,0
LF:7
LH:5
BRF:0
BRH:0
end_of_record
TN:
SF:./src/client/app/offers/created_offer.js
FN:1,(anonymous_1)
FN:10,CreatedOfferController
FN:17,activate
FNF:3
FNH:1
FNDA:1,(anonymous_1)
FNDA:0,CreatedOfferController
FNDA:0,activate
DA:1,1
DA:4,1
DA:8,1
DA:10,1
DA:12,0
DA:13,0
DA:15,0
DA:17,1
LF:8
LH:5
BRF:0
BRH:0
end_of_record
TN:
SF:./src/client/app/offers/directives/offer-modal-directive.js
FN:5,offerModal
FNF:1
FNH:0
FNDA:0,offerModal
DA:1,1
DA:5,1
DA:6,0
LF:3
LH:2
BRF:0
BRH:0
end_of_record
TN:
SF:./src/client/app/offers/modals/offers-modal.js
FN:1,(anonymous_1)
FN:10,ModalInstanceController
FN:13,(anonymous_3)
FN:18,(anonymous_4)
FNF:4
FNH:1
FNDA:1,(anonymous_1)
FNDA:0,ModalInstanceController
FNDA:0,(anonymous_3)
FNDA:0,(anonymous_4)
DA:1,1
DA:4,1
DA:8,1
DA:10,1
DA:13,0
DA:14,0
DA:15,0
DA:18,0
DA:19,0
LF:9
LH:4
BRF:0
BRH:0
end_of_record
TN:
SF:./src/client/app/offers/new_offer_register.js
FN:1,(anonymous_1)
FN:10,NewOfferRegisterController
FN:22,(anonymous_3)
FN:40,(anonymous_4)
FN:47,activate
FNF:5
FNH:1
FNDA:1,(anonymous_1)
FNDA:0,NewOfferRegisterController
FNDA:0,(anonymous_3)
FNDA:0,(anonymous_4)
FNDA:0,activate
DA:1,1
DA:4,1
DA:8,1
DA:10,1
DA:12,0
DA:13,0
DA:14,0
DA:15,0
DA:16,0
DA:19,0
DA:20,0
DA:22,0
DA:23,0
DA:24,0
DA:25,0
DA:40,0
DA:42,0
DA:43,0
DA:44,0
DA:47,1
DA:48,0
LF:21
LH:5
BRF:0
BRH:0
end_of_record
TN:
SF:./src/client/app/offers/new_offer_step1.js
FN:1,(anonymous_1)
FN:10,NewOfferStep1Controller
FN:22,(anonymous_3)
FN:29,(anonymous_4)
FN:35,(anonymous_5)
FN:40,(anonymous_6)
FN:44,(anonymous_7)
FN:49,(anonymous_8)
FN:52,(anonymous_9)
FN:63,(anonymous_10)
FN:67,(anonymous_11)
FN:72,activate
FNF:12
FNH:1
FNDA:1,(anonymous_1)
FNDA:0,NewOfferStep1Controller
FNDA:0,(anonymous_3)
FNDA:0,(anonymous_4)
FNDA:0,(anonymous_5)
FNDA:0,(anonymous_6)
FNDA:0,(anonymous_7)
FNDA:0,(anonymous_8)
FNDA:0,(anonymous_9)
FNDA:0,(anonymous_10)
FNDA:0,(anonymous_11)
FNDA:0,activate
DA:1,1
DA:4,1
DA:8,1
DA:10,1
DA:12,0
DA:13,0
DA:14,0
DA:16,0
DA:19,0
DA:22,0
DA:23,0
DA:30,0
DA:35,0
DA:36,0
DA:37,0
DA:40,0
DA:41,0
DA:44,0
DA:45,0
DA:46,0
DA:49,0
DA:50,0
DA:51,0
DA:52,0
DA:53,0
DA:54,0
DA:57,0
DA:58,0
DA:60,0
DA:63,0
DA:64,0
DA:67,0
DA:69,0
DA:72,1
DA:73,0
LF:35
LH:5
BRDA:53,1,0,0
BRDA:53,1,1,0
BRDA:57,2,0,0
BRDA:57,2,1,0
BRF:4
BRH:0
end_of_record
TN:
SF:./src/client/app/offers/offers.js
FN:1,(anonymous_1)
FN:10,OffersController
FN:20,activate
FN:25,enableEditor
FN:30,disableEditor
FN:34,save
FNF:6
FNH:1
FNDA:1,(anonymous_1)
FNDA:0,OffersController
FNDA:0,activate
FNDA:0,enableEditor
FNDA:0,disableEditor
FNDA:0,save
DA:1,1
DA:4,1
DA:8,1
DA:10,1
DA:12,0
DA:13,0
DA:14,0
DA:15,0
DA:16,0
DA:18,0
DA:20,1
DA:21,0
DA:22,0
DA:25,1
DA:26,0
DA:27,0
DA:30,1
DA:31,0
DA:34,1
DA:35,0
DA:36,0
LF:21
LH:8
BRF:0
BRH:0
end_of_record
TN:
SF:./src/client/app/offers/services/create_offer_service.js
FN:1,(anonymous_1)
FN:10,CreateOfferFactory
FN:12,(anonymous_3)
FN:67,(anonymous_4)
FN:85,(anonymous_5)
FNF:5
FNH:1
FNDA:1,(anonymous_1)
FNDA:0,CreateOfferFactory
FNDA:0,(anonymous_3)
FNDA:0,(anonymous_4)
FNDA:0,(anonymous_5)
DA:1,1
DA:4,1
DA:8,1
DA:10,1
DA:11,0
DA:18,0
DA:65,0
DA:73,0
DA:83,0
DA:91,0
DA:113,0
LF:11
LH:4
BRF:0
BRH:0
end_of_record
